version https://git-lfs.github.com/spec/v1
oid sha256:f0991e2b432e385aad2bcce83d61be4be51053e95f75612691fc56affa401a38
size 40110
