version https://git-lfs.github.com/spec/v1
oid sha256:f1451b3731132557a39f37ffd5e176f9b3a324a46d00c2c0efbddba07eae2c46
size 98282
