version https://git-lfs.github.com/spec/v1
oid sha256:232a74e332ba9c63c823b0fa2af29ad036a485181b90a28f1b1e0a00d40e1e27
size 6054
