version https://git-lfs.github.com/spec/v1
oid sha256:86f7a87ce466491be3c720198d5f9946d17dbaef47105080b4405c86b0370a57
size 78202
